<mxfile host="app.diagrams.net" modified="2021-03-07T07:29:19.367Z" agent="5.0 (X11; Linux x86_64) AppleWebKit/537.36 (KHTML, like Gecko) Chrome/85.0.4183.121 Safari/537.36" etag="Mq_yQ7K49-lfBb98Kajm" version="14.4.4" type="github">
  <diagram id="_E-SIuXoD5Hiriw3NYU5" name="Page-1">
    <mxGraphModel dx="1574" dy="2016" grid="1" gridSize="10" guides="1" tooltips="1" connect="1" arrows="1" fold="1" page="1" pageScale="1" pageWidth="827" pageHeight="1169" math="0" shadow="0">
      <root>
        <mxCell id="0" />
        <mxCell id="1" parent="0" />
        <mxCell id="kSKuwz44H_bI7yQV1Snw-15" style="edgeStyle=none;rounded=0;orthogonalLoop=1;jettySize=auto;html=1;startArrow=none;startFill=0;endArrow=block;endFill=0;strokeWidth=4;" edge="1" parent="1" source="kSKuwz44H_bI7yQV1Snw-24" target="kSKuwz44H_bI7yQV1Snw-4">
          <mxGeometry relative="1" as="geometry" />
        </mxCell>
        <mxCell id="kSKuwz44H_bI7yQV1Snw-17" style="edgeStyle=none;rounded=0;orthogonalLoop=1;jettySize=auto;html=1;startArrow=none;startFill=0;endArrow=block;endFill=0;strokeWidth=4;" edge="1" parent="1" source="kSKuwz44H_bI7yQV1Snw-24" target="kSKuwz44H_bI7yQV1Snw-11">
          <mxGeometry relative="1" as="geometry" />
        </mxCell>
        <mxCell id="kSKuwz44H_bI7yQV1Snw-25" style="edgeStyle=none;rounded=0;orthogonalLoop=1;jettySize=auto;html=1;startArrow=none;startFill=0;endArrow=block;endFill=0;strokeWidth=4;" edge="1" parent="1" source="kSKuwz44H_bI7yQV1Snw-1" target="kSKuwz44H_bI7yQV1Snw-24">
          <mxGeometry relative="1" as="geometry" />
        </mxCell>
        <mxCell id="kSKuwz44H_bI7yQV1Snw-1" value="testing" style="rounded=1;whiteSpace=wrap;html=1;" vertex="1" parent="1">
          <mxGeometry x="420" y="-120" width="120" height="60" as="geometry" />
        </mxCell>
        <mxCell id="kSKuwz44H_bI7yQV1Snw-2" value="code change" style="rounded=1;whiteSpace=wrap;html=1;" vertex="1" parent="1">
          <mxGeometry x="420" y="-20" width="120" height="60" as="geometry" />
        </mxCell>
        <mxCell id="kSKuwz44H_bI7yQV1Snw-3" value="" style="endArrow=classic;startArrow=classic;html=1;strokeWidth=4;" edge="1" parent="1" source="kSKuwz44H_bI7yQV1Snw-2" target="kSKuwz44H_bI7yQV1Snw-1">
          <mxGeometry width="50" height="50" relative="1" as="geometry">
            <mxPoint x="390" y="330" as="sourcePoint" />
            <mxPoint x="440" y="280" as="targetPoint" />
          </mxGeometry>
        </mxCell>
        <mxCell id="kSKuwz44H_bI7yQV1Snw-18" style="edgeStyle=none;rounded=0;orthogonalLoop=1;jettySize=auto;html=1;startArrow=none;startFill=0;endArrow=block;endFill=0;strokeWidth=4;" edge="1" parent="1" source="kSKuwz44H_bI7yQV1Snw-4" target="kSKuwz44H_bI7yQV1Snw-5">
          <mxGeometry relative="1" as="geometry" />
        </mxCell>
        <mxCell id="kSKuwz44H_bI7yQV1Snw-5" value="testing" style="rounded=1;whiteSpace=wrap;html=1;" vertex="1" parent="1">
          <mxGeometry x="420" y="-360" width="120" height="60" as="geometry" />
        </mxCell>
        <mxCell id="kSKuwz44H_bI7yQV1Snw-6" value="pull" style="rounded=1;whiteSpace=wrap;html=1;" vertex="1" parent="1">
          <mxGeometry x="80" y="-120" width="120" height="60" as="geometry" />
        </mxCell>
        <mxCell id="kSKuwz44H_bI7yQV1Snw-7" value="" style="endArrow=none;startArrow=block;html=1;startFill=0;endFill=0;strokeWidth=4;" edge="1" parent="1" source="kSKuwz44H_bI7yQV1Snw-12" target="kSKuwz44H_bI7yQV1Snw-6">
          <mxGeometry width="50" height="50" relative="1" as="geometry">
            <mxPoint x="444" y="190" as="sourcePoint" />
            <mxPoint x="490" y="280" as="targetPoint" />
          </mxGeometry>
        </mxCell>
        <mxCell id="kSKuwz44H_bI7yQV1Snw-13" style="rounded=0;orthogonalLoop=1;jettySize=auto;html=1;startArrow=none;startFill=0;endArrow=block;endFill=0;strokeWidth=4;" edge="1" parent="1" source="kSKuwz44H_bI7yQV1Snw-11" target="kSKuwz44H_bI7yQV1Snw-12">
          <mxGeometry relative="1" as="geometry" />
        </mxCell>
        <mxCell id="kSKuwz44H_bI7yQV1Snw-16" style="edgeStyle=none;rounded=0;orthogonalLoop=1;jettySize=auto;html=1;startArrow=none;startFill=0;endArrow=block;endFill=0;strokeWidth=4;" edge="1" parent="1" source="kSKuwz44H_bI7yQV1Snw-11" target="kSKuwz44H_bI7yQV1Snw-5">
          <mxGeometry relative="1" as="geometry" />
        </mxCell>
        <mxCell id="kSKuwz44H_bI7yQV1Snw-11" value="test&lt;br&gt;bucket" style="ellipse;whiteSpace=wrap;html=1;" vertex="1" parent="1">
          <mxGeometry x="440" y="-250" width="80" height="80" as="geometry" />
        </mxCell>
        <mxCell id="kSKuwz44H_bI7yQV1Snw-14" style="edgeStyle=none;rounded=0;orthogonalLoop=1;jettySize=auto;html=1;startArrow=none;startFill=0;endArrow=block;endFill=0;strokeWidth=4;" edge="1" parent="1" source="kSKuwz44H_bI7yQV1Snw-12" target="kSKuwz44H_bI7yQV1Snw-1">
          <mxGeometry relative="1" as="geometry" />
        </mxCell>
        <mxCell id="kSKuwz44H_bI7yQV1Snw-12" value="test folder&lt;br&gt;download" style="rounded=1;whiteSpace=wrap;html=1;" vertex="1" parent="1">
          <mxGeometry x="250" y="-120" width="120" height="60" as="geometry" />
        </mxCell>
        <mxCell id="kSKuwz44H_bI7yQV1Snw-20" value="" style="endArrow=none;dashed=1;html=1;dashPattern=1 3;strokeWidth=2;" edge="1" parent="1" source="kSKuwz44H_bI7yQV1Snw-4">
          <mxGeometry width="50" height="50" relative="1" as="geometry">
            <mxPoint x="500" y="600" as="sourcePoint" />
            <mxPoint x="500" y="-110" as="targetPoint" />
          </mxGeometry>
        </mxCell>
        <mxCell id="kSKuwz44H_bI7yQV1Snw-4" value="push" style="rounded=1;whiteSpace=wrap;html=1;" vertex="1" parent="1">
          <mxGeometry x="780" y="-120" width="120" height="60" as="geometry" />
        </mxCell>
        <mxCell id="kSKuwz44H_bI7yQV1Snw-24" value="&lt;span&gt;test folder&lt;/span&gt;&lt;br&gt;&lt;span&gt;upload&lt;/span&gt;" style="rounded=1;whiteSpace=wrap;html=1;" vertex="1" parent="1">
          <mxGeometry x="600" y="-120" width="120" height="60" as="geometry" />
        </mxCell>
      </root>
    </mxGraphModel>
  </diagram>
</mxfile>
