<mxfile host="app.diagrams.net" modified="2021-03-07T06:47:52.316Z" agent="5.0 (X11; Linux x86_64) AppleWebKit/537.36 (KHTML, like Gecko) Chrome/85.0.4183.121 Safari/537.36" version="14.4.4" etag="IcpNDerVg5vkqu3XaMZW" type="github"><diagram id="_E-SIuXoD5Hiriw3NYU5">UzV2zq1wL0osyPDNT0nNUTV2VTV2LsrPL4GwciucU3NyVI0MMlNUjV1UjYwMgFjVyA2HrCFY1qAgsSg1rwSLBiADYTaQg2Y1AA==</diagram></mxfile>